{"numTotalTestSuites":26,"numPassedTestSuites":26,"numFailedTestSuites":0,"numPendingTestSuites":0,"numTotalTests":62,"numPassedTests":62,"numFailedTests":0,"numPendingTests":0,"numTodoTests":0,"snapshot":{"added":0,"failure":false,"filesAdded":0,"filesRemoved":0,"filesRemovedList":[],"filesUnmatched":0,"filesUpdated":0,"matched":0,"total":0,"unchecked":0,"uncheckedKeysByFile":[],"unmatched":0,"updated":0,"didUpdate":false},"startTime":1774309547884,"success":true,"testResults":[{"assertionResults":[{"ancestorTitles":["GameState"],"fullName":"GameState should initialize with LOADING state","status":"passed","title":"should initialize with LOADING state","duration":2.0673000000000457,"failureMessages":[],"meta":{},"tags":[]},{"ancestorTitles":["GameState"],"fullName":"GameState should transition correctly between states","status":"passed","title":"should transition correctly between states","duration":1.9363050000000612,"failureMessages":[],"meta":{},"tags":[]},{"ancestorTitles":["GameState"],"fullName":"GameState should dispatch an event on transition","status":"passed","title":"should dispatch an event on transition","duration":1.6882110000000239,"failureMessages":[],"meta":{},"tags":[]}],"startTime":1774309558128,"endTime":1774309558133.6882,"status":"passed","message":"","name":"/home/runner/work/v-shift/v-shift/src/core/GameState.test.js"},{"assertionResults":[{"ancestorTitles":["Playwright CI reporting config"],"fullName":"Playwright CI reporting config enables failure screenshots and report outputs for CI artifacts","status":"passed","title":"enables failure screenshots and report outputs for CI artifacts","duration":2.6784350000002632,"failureMessages":[],"meta":{},"tags":[]}],"startTime":1774309561015,"endTime":1774309561017.6785,"status":"passed","message":"","name":"/home/runner/work/v-shift/v-shift/src/config/PlaywrightConfig.test.js"},{"assertionResults":[{"ancestorTitles":["Bot"],"fullName":"Bot does not run combat AI during FREEZE_TIME","status":"passed","title":"does not run combat AI during FREEZE_TIME","duration":7.544533999999999,"failureMessages":[],"meta":{},"tags":[]},{"ancestorTitles":["Bot"],"fullName":"Bot does not shoot during spawn protection window even when attacking","status":"passed","title":"does not shoot during spawn protection window even when attacking","duration":2.2923720000000003,"failureMessages":[],"meta":{},"tags":[]}],"startTime":1774309552187,"endTime":1774309552196.2925,"status":"passed","message":"","name":"/home/runner/work/v-shift/v-shift/src/entities/Bot.test.js"},{"assertionResults":[{"ancestorTitles":["Player & Weapon System Integration"],"fullName":"Player & Weapon System Integration should equip primary weapon on initialization","status":"passed","title":"should equip primary weapon on initialization","duration":7.415983000000097,"failureMessages":[],"meta":{},"tags":[]},{"ancestorTitles":["Player & Weapon System Integration"],"fullName":"Player & Weapon System Integration should reduce player health when takeDamage is called and emit events","status":"passed","title":"should reduce player health when takeDamage is called and emit events","duration":1.6072790000000623,"failureMessages":[],"meta":{},"tags":[]},{"ancestorTitles":["Player & Weapon System Integration"],"fullName":"Player & Weapon System Integration should handle player death correctly","status":"passed","title":"should handle player death correctly","duration":1.2415240000000267,"failureMessages":[],"meta":{},"tags":[]},{"ancestorTitles":["Player & Weapon System Integration"],"fullName":"Player & Weapon System Integration should allow player to fire hitscan weapons and deplete ammo","status":"passed","title":"should allow player to fire hitscan weapons and deplete ammo","duration":1.1015419999998812,"failureMessages":[],"meta":{},"tags":[]},{"ancestorTitles":["Player & Weapon System Integration"],"fullName":"Player & Weapon System Integration should auto-reload when out of ammo","status":"passed","title":"should auto-reload when out of ammo","duration":0.9996719999999186,"failureMessages":[],"meta":{},"tags":[]},{"ancestorTitles":["Player & Weapon System Integration"],"fullName":"Player & Weapon System Integration should update player rotation based on mouse movement","status":"passed","title":"should update player rotation based on mouse movement","duration":2.374966000000086,"failureMessages":[],"meta":{},"tags":[]}],"startTime":1774309549384,"endTime":1774309549398.375,"status":"passed","message":"","name":"/home/runner/work/v-shift/v-shift/src/entities/Integration.test.js"},{"assertionResults":[{"ancestorTitles":["CompetitiveFlow"],"fullName":"CompetitiveFlow opens buy during freeze and blocks purchases after LIVE begins","status":"passed","title":"opens buy during freeze and blocks purchases after LIVE begins","duration":5.215814000000023,"failureMessages":[],"meta":{},"tags":[]},{"ancestorTitles":["CompetitiveFlow"],"fullName":"CompetitiveFlow ends round when attackers are wiped before spike plant","status":"passed","title":"ends round when attackers are wiped before spike plant","duration":3.5365810000000693,"failureMessages":[],"meta":{},"tags":[]},{"ancestorTitles":["CompetitiveFlow"],"fullName":"CompetitiveFlow lets spike detonate when not defused in time","status":"passed","title":"lets spike detonate when not defused in time","duration":1.396513999999911,"failureMessages":[],"meta":{},"tags":[]},{"ancestorTitles":["CompetitiveFlow"],"fullName":"CompetitiveFlow rewards defenders for a successful defuse","status":"passed","title":"rewards defenders for a successful defuse","duration":1.1490610000000743,"failureMessages":[],"meta":{},"tags":[]}],"startTime":1774309555583,"endTime":1774309555594.1492,"status":"passed","message":"","name":"/home/runner/work/v-shift/v-shift/src/game/CompetitiveFlow.test.js"},{"assertionResults":[{"ancestorTitles":["EconomyManager"],"fullName":"EconomyManager should initialize with starting cash of 800","status":"passed","title":"should initialize with starting cash of 800","duration":2.5547319999999445,"failureMessages":[],"meta":{},"tags":[]},{"ancestorTitles":["EconomyManager"],"fullName":"EconomyManager should add cash and cap at maxCash","status":"passed","title":"should add cash and cap at maxCash","duration":1.5258360000000266,"failureMessages":[],"meta":{},"tags":[]},{"ancestorTitles":["EconomyManager"],"fullName":"EconomyManager should dispatch cashChanged event when cash is added","status":"passed","title":"should dispatch cashChanged event when cash is added","duration":2.4361710000000585,"failureMessages":[],"meta":{},"tags":[]},{"ancestorTitles":["EconomyManager"],"fullName":"EconomyManager should allow spending cash if sufficient funds exist","status":"passed","title":"should allow spending cash if sufficient funds exist","duration":0.5763389999999617,"failureMessages":[],"meta":{},"tags":[]},{"ancestorTitles":["EconomyManager"],"fullName":"EconomyManager should reject spending cash if insufficient funds exist","status":"passed","title":"should reject spending cash if insufficient funds exist","duration":0.5030120000000124,"failureMessages":[],"meta":{},"tags":[]},{"ancestorTitles":["EconomyManager"],"fullName":"EconomyManager should handle playerKilled event and award cash","status":"passed","title":"should handle playerKilled event and award cash","duration":1.6825599999999667,"failureMessages":[],"meta":{},"tags":[]},{"ancestorTitles":["EconomyManager"],"fullName":"EconomyManager should handle round win and reset loss streak","status":"passed","title":"should handle round win and reset loss streak","duration":0.5563710000000128,"failureMessages":[],"meta":{},"tags":[]},{"ancestorTitles":["EconomyManager"],"fullName":"EconomyManager should handle round loss and increment loss streak bonus","status":"passed","title":"should handle round loss and increment loss streak bonus","duration":1.0694929999999658,"failureMessages":[],"meta":{},"tags":[]}],"startTime":1774309553827,"endTime":1774309553838.0696,"status":"passed","message":"","name":"/home/runner/work/v-shift/v-shift/src/game/EconomyManager.test.js"},{"assertionResults":[{"ancestorTitles":["FeedbackSystem"],"fullName":"FeedbackSystem should show hit marker and play headshot sound","status":"passed","title":"should show hit marker and play headshot sound","duration":34.018366000000015,"failureMessages":[],"meta":{},"tags":[]},{"ancestorTitles":["FeedbackSystem"],"fullName":"FeedbackSystem should play body hit sound","status":"passed","title":"should play body hit sound","duration":2.620284999999967,"failureMessages":[],"meta":{},"tags":[]},{"ancestorTitles":["FeedbackSystem"],"fullName":"FeedbackSystem should ignore wall hits for audio","status":"passed","title":"should ignore wall hits for audio","duration":1.8992759999999862,"failureMessages":[],"meta":{},"tags":[]},{"ancestorTitles":["FeedbackSystem"],"fullName":"FeedbackSystem should track multi-kills and announce them","status":"passed","title":"should track multi-kills and announce them","duration":24.132495999999946,"failureMessages":[],"meta":{},"tags":[]},{"ancestorTitles":["FeedbackSystem"],"fullName":"FeedbackSystem should prune old multi-kills","status":"passed","title":"should prune old multi-kills","duration":1.886331000000041,"failureMessages":[],"meta":{},"tags":[]},{"ancestorTitles":["FeedbackSystem"],"fullName":"FeedbackSystem should append label to DOM when showLabel is called","status":"passed","title":"should append label to DOM when showLabel is called","duration":11.087648000000058,"failureMessages":[],"meta":{},"tags":[]},{"ancestorTitles":["FeedbackSystem"],"fullName":"FeedbackSystem should trigger screen shake on headshot kill","status":"passed","title":"should trigger screen shake on headshot kill","duration":2.1334940000000415,"failureMessages":[],"meta":{},"tags":[]},{"ancestorTitles":["FeedbackSystem"],"fullName":"FeedbackSystem should show slide kill and airshot rewards","status":"passed","title":"should show slide kill and airshot rewards","duration":7.140557999999942,"failureMessages":[],"meta":{},"tags":[]}],"startTime":1774309551168,"endTime":1774309551253.1406,"status":"passed","message":"","name":"/home/runner/work/v-shift/v-shift/src/game/FeedbackSystem.test.js"},{"assertionResults":[{"ancestorTitles":["MatchManager"],"fullName":"MatchManager should initialize in COMPETITIVE mode","status":"passed","title":"should initialize in COMPETITIVE mode","duration":1.960931999999957,"failureMessages":[],"meta":{},"tags":[]},{"ancestorTitles":["MatchManager"],"fullName":"MatchManager should set COMPETITIVE mode and reset economy/rounds","status":"passed","title":"should set COMPETITIVE mode and reset economy/rounds","duration":3.4662289999999985,"failureMessages":[],"meta":{},"tags":[]},{"ancestorTitles":["MatchManager"],"fullName":"MatchManager should set DEATHMATCH mode, grant infinite cash, and start extremely long LIVE round","status":"passed","title":"should set DEATHMATCH mode, grant infinite cash, and start extremely long LIVE round","duration":2.018248999999969,"failureMessages":[],"meta":{},"tags":[]},{"ancestorTitles":["MatchManager"],"fullName":"MatchManager should set GUN_GAME mode and start extremely long LIVE round","status":"passed","title":"should set GUN_GAME mode and start extremely long LIVE round","duration":0.906076999999982,"failureMessages":[],"meta":{},"tags":[]},{"ancestorTitles":["MatchManager"],"fullName":"MatchManager should log kills specifically for GUN_GAME logic","status":"passed","title":"should log kills specifically for GUN_GAME logic","duration":1.8647220000000289,"failureMessages":[],"meta":{},"tags":[]}],"startTime":1774309556450,"endTime":1774309556459.8647,"status":"passed","message":"","name":"/home/runner/work/v-shift/v-shift/src/game/MatchManager.test.js"},{"assertionResults":[{"ancestorTitles":["RoundManager"],"fullName":"RoundManager should initialize with correct default stats","status":"passed","title":"should initialize with correct default stats","duration":2.252827000000025,"failureMessages":[],"meta":{},"tags":[]},{"ancestorTitles":["RoundManager"],"fullName":"RoundManager should start a match at round 1","status":"passed","title":"should start a match at round 1","duration":2.663505999999984,"failureMessages":[],"meta":{},"tags":[]},{"ancestorTitles":["RoundManager"],"fullName":"RoundManager should transition to FREEZE_TIME when starting a round","status":"passed","title":"should transition to FREEZE_TIME when starting a round","duration":1.0828369999999268,"failureMessages":[],"meta":{},"tags":[]},{"ancestorTitles":["RoundManager"],"fullName":"RoundManager should end a round and transition to POST_ROUND","status":"passed","title":"should end a round and transition to POST_ROUND","duration":1.382667999999967,"failureMessages":[],"meta":{},"tags":[]},{"ancestorTitles":["RoundManager"],"fullName":"RoundManager should prevent ending a round if already in POST_ROUND","status":"passed","title":"should prevent ending a round if already in POST_ROUND","duration":0.5748259999999163,"failureMessages":[],"meta":{},"tags":[]},{"ancestorTitles":["RoundManager"],"fullName":"RoundManager should transition from FREEZE_TIME to LIVE upon timer expiration","status":"passed","title":"should transition from FREEZE_TIME to LIVE upon timer expiration","duration":0.5169180000000324,"failureMessages":[],"meta":{},"tags":[]},{"ancestorTitles":["RoundManager"],"fullName":"RoundManager should transition from LIVE to POST_ROUND upon timer expiration (Defenders Win)","status":"passed","title":"should transition from LIVE to POST_ROUND upon timer expiration (Defenders Win)","duration":1.3280359999999973,"failureMessages":[],"meta":{},"tags":[]},{"ancestorTitles":["RoundManager"],"fullName":"RoundManager should transition from POST_ROUND to next round upon timer expiration","status":"passed","title":"should transition from POST_ROUND to next round upon timer expiration","duration":0.7188360000000102,"failureMessages":[],"meta":{},"tags":[]}],"startTime":1774309553005,"endTime":1774309553015.7188,"status":"passed","message":"","name":"/home/runner/work/v-shift/v-shift/src/game/RoundManager.test.js"},{"assertionResults":[{"ancestorTitles":["Collision"],"fullName":"Collision should have a collider map","status":"passed","title":"should have a collider map","duration":1.8205780000000686,"failureMessages":[],"meta":{},"tags":[]},{"ancestorTitles":["Collision"],"fullName":"Collision should register and unregister colliders","status":"passed","title":"should register and unregister colliders","duration":0.2778099999999313,"failureMessages":[],"meta":{},"tags":[]},{"ancestorTitles":["Collision"],"fullName":"Collision should perform raycasting (mocked)","status":"passed","title":"should perform raycasting (mocked)","duration":0.4390520000000606,"failureMessages":[],"meta":{},"tags":[]}],"startTime":1774309557310,"endTime":1774309557313.439,"status":"passed","message":"","name":"/home/runner/work/v-shift/v-shift/src/physics/Collision.test.js"},{"assertionResults":[{"ancestorTitles":["KineticEngine"],"fullName":"KineticEngine should initialize correctly","status":"passed","title":"should initialize correctly","duration":2.7207029999999577,"failureMessages":[],"meta":{},"tags":[]},{"ancestorTitles":["KineticEngine"],"fullName":"KineticEngine should track grounding state and combo window","status":"passed","title":"should track grounding state and combo window","duration":0.6379740000000993,"failureMessages":[],"meta":{},"tags":[]},{"ancestorTitles":["KineticEngine"],"fullName":"KineticEngine should handle regular jump","status":"passed","title":"should handle regular jump","duration":3.3980309999999463,"failureMessages":[],"meta":{},"tags":[]},{"ancestorTitles":["KineticEngine"],"fullName":"KineticEngine should increment b-hop chain if jumping immediately after landing","status":"passed","title":"should increment b-hop chain if jumping immediately after landing","duration":1.254809000000023,"failureMessages":[],"meta":{},"tags":[]},{"ancestorTitles":["KineticEngine"],"fullName":"KineticEngine should ignore jump if airborne for too long","status":"passed","title":"should ignore jump if airborne for too long","duration":0.6381850000000213,"failureMessages":[],"meta":{},"tags":[]},{"ancestorTitles":["KineticEngine"],"fullName":"KineticEngine should apply friction when grounded and not moving","status":"passed","title":"should apply friction when grounded and not moving","duration":1.059362999999962,"failureMessages":[],"meta":{},"tags":[]},{"ancestorTitles":["KineticEngine"],"fullName":"KineticEngine should dispatch playerSpeedUpdate event","status":"passed","title":"should dispatch playerSpeedUpdate event","duration":0.5411330000000589,"failureMessages":[],"meta":{},"tags":[]}],"startTime":1774309550283,"endTime":1774309550293.541,"status":"passed","message":"","name":"/home/runner/work/v-shift/v-shift/src/physics/KineticEngine.test.js"},{"assertionResults":[{"ancestorTitles":["HUD Integration"],"fullName":"HUD Integration should create necessary DOM elements on setup","status":"passed","title":"should create necessary DOM elements on setup","duration":2.5454750000000104,"failureMessages":[],"meta":{},"tags":[]},{"ancestorTitles":["HUD Integration"],"fullName":"HUD Integration should update health text when player takes damage","status":"passed","title":"should update health text when player takes damage","duration":0.7864519999999402,"failureMessages":[],"meta":{},"tags":[]},{"ancestorTitles":["HUD Integration"],"fullName":"HUD Integration should update ammo text from active weapon","status":"passed","title":"should update ammo text from active weapon","duration":0.8633059999999659,"failureMessages":[],"meta":{},"tags":[]},{"ancestorTitles":["HUD Integration"],"fullName":"HUD Integration should process hitMarker events and render UI crosshair feedback","status":"passed","title":"should process hitMarker events and render UI crosshair feedback","duration":5.170610000000011,"failureMessages":[],"meta":{},"tags":[]}],"startTime":1774309554753,"endTime":1774309554763.1707,"status":"passed","message":"","name":"/home/runner/work/v-shift/v-shift/src/ui/HUD.test.js"},{"assertionResults":[{"ancestorTitles":["WeaponData"],"fullName":"WeaponData should have all required weapon types","status":"passed","title":"should have all required weapon types","duration":1.7943700000000717,"failureMessages":[],"meta":{},"tags":[]},{"ancestorTitles":["WeaponData"],"fullName":"WeaponData should have correct melee properties for KNIFE","status":"passed","title":"should have correct melee properties for KNIFE","duration":0.4452640000000656,"failureMessages":[],"meta":{},"tags":[]},{"ancestorTitles":["WeaponData"],"fullName":"WeaponData should have valid fire rates for all ranged weapons","status":"passed","title":"should have valid fire rates for all ranged weapons","duration":0.6273340000000189,"failureMessages":[],"meta":{},"tags":[]}],"startTime":1774309558945,"endTime":1774309558948.6274,"status":"passed","message":"","name":"/home/runner/work/v-shift/v-shift/src/weapons/WeaponData.test.js"}]}