<?xml version="1.0" encoding="UTF-8" ?>
<testsuites name="vitest tests" tests="62" failures="0" errors="0" time="0.207875431">
    <testsuite name="src/core/GameState.test.js" timestamp="2026-03-23T23:46:01.031Z" hostname="runnervm46oaq" tests="3" failures="0" errors="0" skipped="0" time="0.007312882">
        <testcase classname="src/core/GameState.test.js" name="GameState &gt; should initialize with LOADING state" time="0.0020673">
        </testcase>
        <testcase classname="src/core/GameState.test.js" name="GameState &gt; should transition correctly between states" time="0.001936305">
            <system-out>
[GameState] Transition: LOADING -&gt; MAIN_MENU {}
[GameState] Transition: MAIN_MENU -&gt; PLAYING {}

            </system-out>
        </testcase>
        <testcase classname="src/core/GameState.test.js" name="GameState &gt; should dispatch an event on transition" time="0.001688211">
            <system-out>
[GameState] Transition: LOADING -&gt; SETTINGS {}

            </system-out>
        </testcase>
    </testsuite>
    <testsuite name="src/config/PlaywrightConfig.test.js" timestamp="2026-03-23T23:46:01.033Z" hostname="runnervm46oaq" tests="1" failures="0" errors="0" skipped="0" time="0.004205133">
        <testcase classname="src/config/PlaywrightConfig.test.js" name="Playwright CI reporting config &gt; enables failure screenshots and report outputs for CI artifacts" time="0.002678435">
        </testcase>
    </testsuite>
    <testsuite name="src/entities/Bot.test.js" timestamp="2026-03-23T23:46:01.034Z" hostname="runnervm46oaq" tests="2" failures="0" errors="0" skipped="0" time="0.011400522">
        <testcase classname="src/entities/Bot.test.js" name="Bot &gt; does not run combat AI during FREEZE_TIME" time="0.007544534">
            <system-out>
[Bot bot_1] Procedural character initialized.

            </system-out>
        </testcase>
        <testcase classname="src/entities/Bot.test.js" name="Bot &gt; does not shoot during spawn protection window even when attacking" time="0.002292372">
            <system-out>
[Bot bot_2] Procedural character initialized.

            </system-out>
        </testcase>
    </testsuite>
    <testsuite name="src/entities/Integration.test.js" timestamp="2026-03-23T23:46:01.035Z" hostname="runnervm46oaq" tests="6" failures="0" errors="0" skipped="0" time="0.016627567">
        <testcase classname="src/entities/Integration.test.js" name="Player &amp; Weapon System Integration &gt; should equip primary weapon on initialization" time="0.007415983">
            <system-out>
[WeaponViewModel] Equipping V44SABRE with grip data.

            </system-out>
        </testcase>
        <testcase classname="src/entities/Integration.test.js" name="Player &amp; Weapon System Integration &gt; should reduce player health when takeDamage is called and emit events" time="0.001607279">
        </testcase>
        <testcase classname="src/entities/Integration.test.js" name="Player &amp; Weapon System Integration &gt; should handle player death correctly" time="0.001241524">
        </testcase>
        <testcase classname="src/entities/Integration.test.js" name="Player &amp; Weapon System Integration &gt; should allow player to fire hitscan weapons and deplete ammo" time="0.001101542">
        </testcase>
        <testcase classname="src/entities/Integration.test.js" name="Player &amp; Weapon System Integration &gt; should auto-reload when out of ammo" time="0.000999672">
            <system-out>
Reloading V-44 Sabre...

            </system-out>
        </testcase>
        <testcase classname="src/entities/Integration.test.js" name="Player &amp; Weapon System Integration &gt; should update player rotation based on mouse movement" time="0.002374966">
        </testcase>
    </testsuite>
    <testsuite name="src/game/CompetitiveFlow.test.js" timestamp="2026-03-23T23:46:01.037Z" hostname="runnervm46oaq" tests="4" failures="0" errors="0" skipped="0" time="0.013000417">
        <testcase classname="src/game/CompetitiveFlow.test.js" name="CompetitiveFlow &gt; opens buy during freeze and blocks purchases after LIVE begins" time="0.005215814">
            <system-out>
[RoundManager] Transition to FREEZE_TIME
[RoundManager] Transition to LIVE
[RoundManager] Transition to POST_ROUND

            </system-out>
        </testcase>
        <testcase classname="src/game/CompetitiveFlow.test.js" name="CompetitiveFlow &gt; ends round when attackers are wiped before spike plant" time="0.003536581">
            <system-out>
[RoundManager] Transition to FREEZE_TIME
[RoundManager] Transition to LIVE
[Economy] +$300 (Enemy Killed). Total: $1100
Round 1 Over. Winner: DEFENDERS (ATTACKERS_ELIMINATED)
[Economy] +$1400 (Round Loss Bonus). Total: $2500
[RoundManager] Transition to POST_ROUND

            </system-out>
        </testcase>
        <testcase classname="src/game/CompetitiveFlow.test.js" name="CompetitiveFlow &gt; lets spike detonate when not defused in time" time="0.001396514">
            <system-out>
[RoundManager] Transition to FREEZE_TIME
[RoundManager] Transition to LIVE
Round 1 Over. Winner: ATTACKERS (SPIKE_DETONATED)
[Economy] +$3000 (Round Win). Total: $3800
[RoundManager] Transition to POST_ROUND

            </system-out>
        </testcase>
        <testcase classname="src/game/CompetitiveFlow.test.js" name="CompetitiveFlow &gt; rewards defenders for a successful defuse" time="0.001149061">
            <system-out>
[RoundManager] Transition to FREEZE_TIME
[RoundManager] Transition to LIVE
Round 1 Over. Winner: DEFENDERS (SPIKE_DEFUSED)
[Economy] +$1400 (Round Loss Bonus). Total: $2200
[RoundManager] Transition to POST_ROUND

            </system-out>
        </testcase>
    </testsuite>
    <testsuite name="src/game/EconomyManager.test.js" timestamp="2026-03-23T23:46:01.039Z" hostname="runnervm46oaq" tests="8" failures="0" errors="0" skipped="0" time="0.012727988">
        <testcase classname="src/game/EconomyManager.test.js" name="EconomyManager &gt; should initialize with starting cash of 800" time="0.002554732">
        </testcase>
        <testcase classname="src/game/EconomyManager.test.js" name="EconomyManager &gt; should add cash and cap at maxCash" time="0.001525836">
            <system-out>
[Economy] +$1000 (). Total: $1800
[Economy] +$10000 (). Total: $9000

            </system-out>
        </testcase>
        <testcase classname="src/game/EconomyManager.test.js" name="EconomyManager &gt; should dispatch cashChanged event when cash is added" time="0.002436171">
            <system-out>
[Economy] +$500 (Test Bonus). Total: $1300

            </system-out>
        </testcase>
        <testcase classname="src/game/EconomyManager.test.js" name="EconomyManager &gt; should allow spending cash if sufficient funds exist" time="0.000576339">
        </testcase>
        <testcase classname="src/game/EconomyManager.test.js" name="EconomyManager &gt; should reject spending cash if insufficient funds exist" time="0.000503012">
        </testcase>
        <testcase classname="src/game/EconomyManager.test.js" name="EconomyManager &gt; should handle playerKilled event and award cash" time="0.00168256">
            <system-out>
[Economy] +$600 (Enemy Killed). Total: $1400
[Economy] +$200 (First Blood). Total: $1600
[Economy] +$100 (Headshot Bonus). Total: $1700

            </system-out>
        </testcase>
        <testcase classname="src/game/EconomyManager.test.js" name="EconomyManager &gt; should handle round win and reset loss streak" time="0.000556371">
            <system-out>
[Economy] +$3000 (Round Win). Total: $3800

            </system-out>
        </testcase>
        <testcase classname="src/game/EconomyManager.test.js" name="EconomyManager &gt; should handle round loss and increment loss streak bonus" time="0.001069493">
            <system-out>
[Economy] +$1400 (Round Loss Bonus). Total: $2200
[Economy] +$1900 (Round Loss Bonus). Total: $4100
[Economy] +$2900 (Round Loss Bonus). Total: $2900

            </system-out>
        </testcase>
    </testsuite>
    <testsuite name="src/game/FeedbackSystem.test.js" timestamp="2026-03-23T23:46:01.041Z" hostname="runnervm46oaq" tests="8" failures="0" errors="0" skipped="0" time="0.086803562">
        <testcase classname="src/game/FeedbackSystem.test.js" name="FeedbackSystem &gt; should show hit marker and play headshot sound" time="0.034018366">
        </testcase>
        <testcase classname="src/game/FeedbackSystem.test.js" name="FeedbackSystem &gt; should play body hit sound" time="0.002620285">
        </testcase>
        <testcase classname="src/game/FeedbackSystem.test.js" name="FeedbackSystem &gt; should ignore wall hits for audio" time="0.001899276">
        </testcase>
        <testcase classname="src/game/FeedbackSystem.test.js" name="FeedbackSystem &gt; should track multi-kills and announce them" time="0.024132496">
            <system-out>
[Announcer] DOUBLE KILL!

            </system-out>
        </testcase>
        <testcase classname="src/game/FeedbackSystem.test.js" name="FeedbackSystem &gt; should prune old multi-kills" time="0.001886331">
        </testcase>
        <testcase classname="src/game/FeedbackSystem.test.js" name="FeedbackSystem &gt; should append label to DOM when showLabel is called" time="0.011087648">
        </testcase>
        <testcase classname="src/game/FeedbackSystem.test.js" name="FeedbackSystem &gt; should trigger screen shake on headshot kill" time="0.002133494">
        </testcase>
        <testcase classname="src/game/FeedbackSystem.test.js" name="FeedbackSystem &gt; should show slide kill and airshot rewards" time="0.007140558">
            <system-out>
[Announcer] DOUBLE KILL!

            </system-out>
        </testcase>
    </testsuite>
    <testsuite name="src/game/MatchManager.test.js" timestamp="2026-03-23T23:46:01.043Z" hostname="runnervm46oaq" tests="5" failures="0" errors="0" skipped="0" time="0.012050922">
        <testcase classname="src/game/MatchManager.test.js" name="MatchManager &gt; should initialize in COMPETITIVE mode" time="0.001960932">
        </testcase>
        <testcase classname="src/game/MatchManager.test.js" name="MatchManager &gt; should set COMPETITIVE mode and reset economy/rounds" time="0.003466229">
            <system-out>
[MatchManager] Mode set to COMPETITIVE
[RoundManager] Transition to FREEZE_TIME

            </system-out>
        </testcase>
        <testcase classname="src/game/MatchManager.test.js" name="MatchManager &gt; should set DEATHMATCH mode, grant infinite cash, and start extremely long LIVE round" time="0.002018249">
            <system-out>
[MatchManager] Mode set to DEATHMATCH
[RoundManager] Transition to LIVE

            </system-out>
        </testcase>
        <testcase classname="src/game/MatchManager.test.js" name="MatchManager &gt; should set GUN_GAME mode and start extremely long LIVE round" time="0.000906077">
            <system-out>
[MatchManager] Mode set to GUN_GAME
[RoundManager] Transition to LIVE

            </system-out>
        </testcase>
        <testcase classname="src/game/MatchManager.test.js" name="MatchManager &gt; should log kills specifically for GUN_GAME logic" time="0.001864722">
            <system-out>
[MatchManager] Mode set to GUN_GAME
[RoundManager] Transition to LIVE
[MatchManager] Gun Game Kill detected

            </system-out>
        </testcase>
    </testsuite>
    <testsuite name="src/game/RoundManager.test.js" timestamp="2026-03-23T23:46:01.045Z" hostname="runnervm46oaq" tests="8" failures="0" errors="0" skipped="0" time="0.012342666">
        <testcase classname="src/game/RoundManager.test.js" name="RoundManager &gt; should initialize with correct default stats" time="0.002252827">
        </testcase>
        <testcase classname="src/game/RoundManager.test.js" name="RoundManager &gt; should start a match at round 1" time="0.002663506">
            <system-out>
[RoundManager] Transition to FREEZE_TIME

            </system-out>
        </testcase>
        <testcase classname="src/game/RoundManager.test.js" name="RoundManager &gt; should transition to FREEZE_TIME when starting a round" time="0.001082837">
            <system-out>
[RoundManager] Transition to FREEZE_TIME

            </system-out>
        </testcase>
        <testcase classname="src/game/RoundManager.test.js" name="RoundManager &gt; should end a round and transition to POST_ROUND" time="0.001382668">
            <system-out>
Round 1 Over. Winner: ATTACKERS (ELIMINATION)
[RoundManager] Transition to POST_ROUND

            </system-out>
        </testcase>
        <testcase classname="src/game/RoundManager.test.js" name="RoundManager &gt; should prevent ending a round if already in POST_ROUND" time="0.000574826">
        </testcase>
        <testcase classname="src/game/RoundManager.test.js" name="RoundManager &gt; should transition from FREEZE_TIME to LIVE upon timer expiration" time="0.000516918">
            <system-out>
[RoundManager] Transition to LIVE

            </system-out>
        </testcase>
        <testcase classname="src/game/RoundManager.test.js" name="RoundManager &gt; should transition from LIVE to POST_ROUND upon timer expiration (Defenders Win)" time="0.001328036">
            <system-out>
Round 1 Over. Winner: DEFENDERS (TIME_EXPIRED)
[RoundManager] Transition to POST_ROUND

            </system-out>
        </testcase>
        <testcase classname="src/game/RoundManager.test.js" name="RoundManager &gt; should transition from POST_ROUND to next round upon timer expiration" time="0.000718836">
            <system-out>
[RoundManager] Transition to FREEZE_TIME

            </system-out>
        </testcase>
    </testsuite>
    <testsuite name="src/physics/Collision.test.js" timestamp="2026-03-23T23:46:01.048Z" hostname="runnervm46oaq" tests="3" failures="0" errors="0" skipped="0" time="0.004066063">
        <testcase classname="src/physics/Collision.test.js" name="Collision &gt; should have a collider map" time="0.001820578">
        </testcase>
        <testcase classname="src/physics/Collision.test.js" name="Collision &gt; should register and unregister colliders" time="0.00027781">
        </testcase>
        <testcase classname="src/physics/Collision.test.js" name="Collision &gt; should perform raycasting (mocked)" time="0.000439052">
        </testcase>
    </testsuite>
    <testsuite name="src/physics/KineticEngine.test.js" timestamp="2026-03-23T23:46:01.048Z" hostname="runnervm46oaq" tests="7" failures="0" errors="0" skipped="0" time="0.011958948">
        <testcase classname="src/physics/KineticEngine.test.js" name="KineticEngine &gt; should initialize correctly" time="0.002720703">
        </testcase>
        <testcase classname="src/physics/KineticEngine.test.js" name="KineticEngine &gt; should track grounding state and combo window" time="0.000637974">
        </testcase>
        <testcase classname="src/physics/KineticEngine.test.js" name="KineticEngine &gt; should handle regular jump" time="0.003398031">
        </testcase>
        <testcase classname="src/physics/KineticEngine.test.js" name="KineticEngine &gt; should increment b-hop chain if jumping immediately after landing" time="0.001254809">
        </testcase>
        <testcase classname="src/physics/KineticEngine.test.js" name="KineticEngine &gt; should ignore jump if airborne for too long" time="0.000638185">
        </testcase>
        <testcase classname="src/physics/KineticEngine.test.js" name="KineticEngine &gt; should apply friction when grounded and not moving" time="0.001059363">
        </testcase>
        <testcase classname="src/physics/KineticEngine.test.js" name="KineticEngine &gt; should dispatch playerSpeedUpdate event" time="0.000541133">
        </testcase>
    </testsuite>
    <testsuite name="src/ui/HUD.test.js" timestamp="2026-03-23T23:46:01.050Z" hostname="runnervm46oaq" tests="4" failures="0" errors="0" skipped="0" time="0.011005363">
        <testcase classname="src/ui/HUD.test.js" name="HUD Integration &gt; should create necessary DOM elements on setup" time="0.002545475">
        </testcase>
        <testcase classname="src/ui/HUD.test.js" name="HUD Integration &gt; should update health text when player takes damage" time="0.000786452">
        </testcase>
        <testcase classname="src/ui/HUD.test.js" name="HUD Integration &gt; should update ammo text from active weapon" time="0.000863306">
        </testcase>
        <testcase classname="src/ui/HUD.test.js" name="HUD Integration &gt; should process hitMarker events and render UI crosshair feedback" time="0.00517061">
        </testcase>
    </testsuite>
    <testsuite name="src/weapons/WeaponData.test.js" timestamp="2026-03-23T23:46:01.051Z" hostname="runnervm46oaq" tests="3" failures="0" errors="0" skipped="0" time="0.004373398">
        <testcase classname="src/weapons/WeaponData.test.js" name="WeaponData &gt; should have all required weapon types" time="0.00179437">
        </testcase>
        <testcase classname="src/weapons/WeaponData.test.js" name="WeaponData &gt; should have correct melee properties for KNIFE" time="0.000445264">
        </testcase>
        <testcase classname="src/weapons/WeaponData.test.js" name="WeaponData &gt; should have valid fire rates for all ranged weapons" time="0.000627334">
        </testcase>
    </testsuite>
</testsuites>
